[ 2016-12-18T22:26:52+08:00 ] 127.0.0.1 /studyPHP/DimensionTour/index.php/home/
INFO: [ app_init ] --START--
INFO: Run Behavior\BuildLiteBehavior [ RunTime:0.000031s ]
INFO: [ app_init ] --END-- [ RunTime:0.001357s ]
INFO: [ app_begin ] --START--
INFO: Run Behavior\ReadHtmlCacheBehavior [ RunTime:0.000661s ]
INFO: [ app_begin ] --END-- [ RunTime:0.000697s ]
INFO: [ view_parse ] --START--
INFO: [ template_filter ] --START--
INFO: Run Behavior\ContentReplaceBehavior [ RunTime:0.000032s ]
INFO: [ template_filter ] --END-- [ RunTime:0.000074s ]
INFO: Run Behavior\ParseTemplateBehavior [ RunTime:0.004974s ]
INFO: [ view_parse ] --END-- [ RunTime:0.005026s ]
INFO: [ view_filter ] --START--
INFO: Run Behavior\WriteHtmlCacheBehavior [ RunTime:0.000514s ]
INFO: Run Behavior\TokenBuildBehavior [ RunTime:0.000589s ]
INFO: [ view_filter ] --END-- [ RunTime:0.001156s ]
INFO: [ app_end ] --START--
INFO: Run Behavior\ShowPageTraceBehavior [ RunTime:0.000658s ]
INFO: [ app_end ] --END-- [ RunTime:0.000696s ]

[ 2016-12-18T22:26:53+08:00 ] 127.0.0.1 /studyPHP/DimensionTour/index.php/home/user-register
INFO: [ app_init ] --START--
INFO: Run Behavior\BuildLiteBehavior [ RunTime:0.000012s ]
INFO: [ app_init ] --END-- [ RunTime:0.000431s ]
INFO: [ app_begin ] --START--
INFO: Run Behavior\ReadHtmlCacheBehavior [ RunTime:0.000633s ]
INFO: [ app_begin ] --END-- [ RunTime:0.000673s ]
INFO: [ view_parse ] --START--
INFO: [ template_filter ] --START--
INFO: Run Behavior\ContentReplaceBehavior [ RunTime:0.000031s ]
INFO: [ template_filter ] --END-- [ RunTime:0.000076s ]
INFO: Run Behavior\ParseTemplateBehavior [ RunTime:0.004747s ]
INFO: [ view_parse ] --END-- [ RunTime:0.004791s ]
INFO: [ view_filter ] --START--
INFO: Run Behavior\WriteHtmlCacheBehavior [ RunTime:0.000480s ]
INFO: Run Behavior\TokenBuildBehavior [ RunTime:0.000556s ]
INFO: [ view_filter ] --END-- [ RunTime:0.001088s ]
INFO: [ app_end ] --START--
INFO: Run Behavior\ShowPageTraceBehavior [ RunTime:0.000625s ]
INFO: [ app_end ] --END-- [ RunTime:0.000658s ]

[ 2016-12-18T22:27:04+08:00 ] 127.0.0.1 /studyPHP/DimensionTour/index.php/home/user-regSubmit
INFO: [ app_init ] --START--
INFO: Run Behavior\BuildLiteBehavior [ RunTime:0.000010s ]
INFO: [ app_init ] --END-- [ RunTime:0.000353s ]
INFO: [ app_begin ] --START--
INFO: Run Behavior\ReadHtmlCacheBehavior [ RunTime:0.000562s ]
INFO: [ app_begin ] --END-- [ RunTime:0.000600s ]
SQL: SHOW COLUMNS FROM `dt_user` [ RunTime:0.0068s ]
NOTIC: [8] Undefined index: validate D:\PHP\studyPHP\ThinkPHP\Library\Think\Model.class.php 第 1185 行.
SQL: SELECT * FROM `dt_user` WHERE `username` = 'admin2' LIMIT 1   [ RunTime:0.0006s ]
NOTIC: [8] Undefined index: auto D:\PHP\studyPHP\ThinkPHP\Library\Think\Model.class.php 第 1128 行.
NOTIC: [2] call_user_func_array() expects parameter 1 to be a valid callback, function 'encryption' not found or invalid function name D:\PHP\studyPHP\ThinkPHP\Library\Think\Model.class.php 第 1154 行.
ERR: 1048:Column 'password' cannot be null
 [ SQL语句 ] : INSERT INTO `dt_user` (`email`,`username`,`password`,`regtime`) VALUES ('admin2@qq.com','admin2',NULL,'1482071224')
ERR: 1048:Column 'password' cannot be null
 [ SQL语句 ] : INSERT INTO `dt_user` (`email`,`username`,`password`,`regtime`) VALUES ('admin2@qq.com','admin2',NULL,'1482071224')

[ 2016-12-18T22:28:14+08:00 ] 127.0.0.1 /studyPHP/DimensionTour/index.php/home/
INFO: [ app_init ] --START--
INFO: Run Behavior\BuildLiteBehavior [ RunTime:0.000012s ]
INFO: [ app_init ] --END-- [ RunTime:0.000578s ]
INFO: [ app_begin ] --START--
INFO: Run Behavior\ReadHtmlCacheBehavior [ RunTime:0.000833s ]
INFO: [ app_begin ] --END-- [ RunTime:0.000883s ]
INFO: [ view_parse ] --START--
INFO: [ template_filter ] --START--
INFO: Run Behavior\ContentReplaceBehavior [ RunTime:0.000033s ]
INFO: [ template_filter ] --END-- [ RunTime:0.000088s ]
INFO: Run Behavior\ParseTemplateBehavior [ RunTime:0.005508s ]
INFO: [ view_parse ] --END-- [ RunTime:0.005574s ]
INFO: [ view_filter ] --START--
INFO: Run Behavior\WriteHtmlCacheBehavior [ RunTime:0.000689s ]
INFO: Run Behavior\TokenBuildBehavior [ RunTime:0.000678s ]
INFO: [ view_filter ] --END-- [ RunTime:0.001432s ]
INFO: [ app_end ] --START--
INFO: Run Behavior\ShowPageTraceBehavior [ RunTime:0.000816s ]
INFO: [ app_end ] --END-- [ RunTime:0.000857s ]

[ 2016-12-18T22:28:15+08:00 ] 127.0.0.1 /studyPHP/DimensionTour/index.php/home/user-register
INFO: [ app_init ] --START--
INFO: Run Behavior\BuildLiteBehavior [ RunTime:0.000008s ]
INFO: [ app_init ] --END-- [ RunTime:0.000419s ]
INFO: [ app_begin ] --START--
INFO: Run Behavior\ReadHtmlCacheBehavior [ RunTime:0.000585s ]
INFO: [ app_begin ] --END-- [ RunTime:0.000622s ]
INFO: [ view_parse ] --START--
INFO: [ template_filter ] --START--
INFO: Run Behavior\ContentReplaceBehavior [ RunTime:0.000029s ]
INFO: [ template_filter ] --END-- [ RunTime:0.000066s ]
INFO: Run Behavior\ParseTemplateBehavior [ RunTime:0.004911s ]
INFO: [ view_parse ] --END-- [ RunTime:0.004950s ]
INFO: [ view_filter ] --START--
INFO: Run Behavior\WriteHtmlCacheBehavior [ RunTime:0.000443s ]
INFO: Run Behavior\TokenBuildBehavior [ RunTime:0.000524s ]
INFO: [ view_filter ] --END-- [ RunTime:0.001014s ]
INFO: [ app_end ] --START--
INFO: Run Behavior\ShowPageTraceBehavior [ RunTime:0.000587s ]
INFO: [ app_end ] --END-- [ RunTime:0.000618s ]

[ 2016-12-18T22:28:22+08:00 ] 127.0.0.1 /studyPHP/DimensionTour/index.php/home/user-regSubmit
INFO: [ app_init ] --START--
INFO: Run Behavior\BuildLiteBehavior [ RunTime:0.000020s ]
INFO: [ app_init ] --END-- [ RunTime:0.000512s ]
INFO: [ app_begin ] --START--
INFO: Run Behavior\ReadHtmlCacheBehavior [ RunTime:0.000582s ]
INFO: [ app_begin ] --END-- [ RunTime:0.000623s ]
SQL: SHOW COLUMNS FROM `dt_user` [ RunTime:0.0127s ]
NOTIC: [8] Undefined index: validate D:\PHP\studyPHP\ThinkPHP\Library\Think\Model.class.php 第 1185 行.
SQL: SELECT * FROM `dt_user` WHERE `username` = 'admin2' LIMIT 1   [ RunTime:0.0010s ]
NOTIC: [8] Undefined index: auto D:\PHP\studyPHP\ThinkPHP\Library\Think\Model.class.php 第 1128 行.
NOTIC: [2] call_user_func_array() expects parameter 1 to be a valid callback, function 'encryption' not found or invalid function name D:\PHP\studyPHP\ThinkPHP\Library\Think\Model.class.php 第 1154 行.
ERR: 1048:Column 'password' cannot be null
 [ SQL语句 ] : INSERT INTO `dt_user` (`email`,`username`,`password`,`regtime`) VALUES ('admin2@qq.com','admin2',NULL,'1482071302')
ERR: 1048:Column 'password' cannot be null
 [ SQL语句 ] : INSERT INTO `dt_user` (`email`,`username`,`password`,`regtime`) VALUES ('admin2@qq.com','admin2',NULL,'1482071302')

[ 2016-12-18T22:30:51+08:00 ] 127.0.0.1 /studyPHP/DimensionTour/index.php/home
INFO: [ app_init ] --START--
INFO: Run Behavior\BuildLiteBehavior [ RunTime:0.000013s ]
INFO: [ app_init ] --END-- [ RunTime:0.000500s ]
INFO: [ app_begin ] --START--
INFO: Run Behavior\ReadHtmlCacheBehavior [ RunTime:0.000807s ]
INFO: [ app_begin ] --END-- [ RunTime:0.000858s ]
INFO: [ view_parse ] --START--
INFO: [ template_filter ] --START--
INFO: Run Behavior\ContentReplaceBehavior [ RunTime:0.000036s ]
INFO: [ template_filter ] --END-- [ RunTime:0.000088s ]
INFO: Run Behavior\ParseTemplateBehavior [ RunTime:0.005625s ]
INFO: [ view_parse ] --END-- [ RunTime:0.005675s ]
INFO: [ view_filter ] --START--
INFO: Run Behavior\WriteHtmlCacheBehavior [ RunTime:0.000559s ]
INFO: Run Behavior\TokenBuildBehavior [ RunTime:0.000645s ]
INFO: [ view_filter ] --END-- [ RunTime:0.001268s ]
INFO: [ app_end ] --START--
INFO: Run Behavior\ShowPageTraceBehavior [ RunTime:0.000779s ]
INFO: [ app_end ] --END-- [ RunTime:0.000820s ]

[ 2016-12-18T22:30:53+08:00 ] 127.0.0.1 /studyPHP/DimensionTour/index.php/home/user-register
INFO: [ app_init ] --START--
INFO: Run Behavior\BuildLiteBehavior [ RunTime:0.000012s ]
INFO: [ app_init ] --END-- [ RunTime:0.000530s ]
INFO: [ app_begin ] --START--
INFO: Run Behavior\ReadHtmlCacheBehavior [ RunTime:0.000871s ]
INFO: [ app_begin ] --END-- [ RunTime:0.000933s ]
INFO: [ view_parse ] --START--
INFO: [ template_filter ] --START--
INFO: Run Behavior\ContentReplaceBehavior [ RunTime:0.000037s ]
INFO: [ template_filter ] --END-- [ RunTime:0.000084s ]
INFO: Run Behavior\ParseTemplateBehavior [ RunTime:0.005729s ]
INFO: [ view_parse ] --END-- [ RunTime:0.005784s ]
INFO: [ view_filter ] --START--
INFO: Run Behavior\WriteHtmlCacheBehavior [ RunTime:0.000718s ]
INFO: Run Behavior\TokenBuildBehavior [ RunTime:0.000836s ]
INFO: [ view_filter ] --END-- [ RunTime:0.001620s ]
INFO: [ app_end ] --START--
INFO: Run Behavior\ShowPageTraceBehavior [ RunTime:0.000875s ]
INFO: [ app_end ] --END-- [ RunTime:0.000917s ]

[ 2016-12-18T22:31:01+08:00 ] 127.0.0.1 /studyPHP/DimensionTour/index.php/home/user-regSubmit
INFO: [ app_init ] --START--
INFO: Run Behavior\BuildLiteBehavior [ RunTime:0.000011s ]
INFO: [ app_init ] --END-- [ RunTime:0.000437s ]
INFO: [ app_begin ] --START--
INFO: Run Behavior\ReadHtmlCacheBehavior [ RunTime:0.000562s ]
INFO: [ app_begin ] --END-- [ RunTime:0.000600s ]
SQL: SHOW COLUMNS FROM `dt_user` [ RunTime:0.0112s ]
NOTIC: [8] Undefined index: validate D:\PHP\studyPHP\ThinkPHP\Library\Think\Model.class.php 第 1185 行.
SQL: SELECT * FROM `dt_user` WHERE `username` = 'admin2' LIMIT 1   [ RunTime:0.0010s ]
NOTIC: [8] Undefined index: auto D:\PHP\studyPHP\ThinkPHP\Library\Think\Model.class.php 第 1128 行.
NOTIC: [2] call_user_func_array() expects parameter 1 to be a valid callback, function 'encryption' not found or invalid function name D:\PHP\studyPHP\ThinkPHP\Library\Think\Model.class.php 第 1154 行.
ERR: 1048:Column 'password' cannot be null
 [ SQL语句 ] : INSERT INTO `dt_user` (`email`,`username`,`password`,`regtime`) VALUES ('admin2@qq.com','admin2',NULL,'1482071461')
ERR: 1048:Column 'password' cannot be null
 [ SQL语句 ] : INSERT INTO `dt_user` (`email`,`username`,`password`,`regtime`) VALUES ('admin2@qq.com','admin2',NULL,'1482071461')

[ 2016-12-18T22:33:10+08:00 ] 127.0.0.1 /studyPHP/DimensionTour/index.php/home/
INFO: [ app_init ] --START--
INFO: Run Behavior\BuildLiteBehavior [ RunTime:0.000015s ]
INFO: [ app_init ] --END-- [ RunTime:0.000566s ]
INFO: [ app_begin ] --START--
INFO: Run Behavior\ReadHtmlCacheBehavior [ RunTime:0.001155s ]
INFO: [ app_begin ] --END-- [ RunTime:0.001230s ]
INFO: [ view_parse ] --START--
INFO: [ template_filter ] --START--
INFO: Run Behavior\ContentReplaceBehavior [ RunTime:0.000037s ]
INFO: [ template_filter ] --END-- [ RunTime:0.000086s ]
INFO: Run Behavior\ParseTemplateBehavior [ RunTime:0.005665s ]
INFO: [ view_parse ] --END-- [ RunTime:0.005719s ]
INFO: [ view_filter ] --START--
INFO: Run Behavior\WriteHtmlCacheBehavior [ RunTime:0.000576s ]
INFO: Run Behavior\TokenBuildBehavior [ RunTime:0.000745s ]
INFO: [ view_filter ] --END-- [ RunTime:0.001384s ]
INFO: [ app_end ] --START--
INFO: Run Behavior\ShowPageTraceBehavior [ RunTime:0.000892s ]
INFO: [ app_end ] --END-- [ RunTime:0.000932s ]

[ 2016-12-18T22:33:11+08:00 ] 127.0.0.1 /studyPHP/DimensionTour/index.php/home/user-register
INFO: [ app_init ] --START--
INFO: Run Behavior\BuildLiteBehavior [ RunTime:0.000010s ]
INFO: [ app_init ] --END-- [ RunTime:0.000405s ]
INFO: [ app_begin ] --START--
INFO: Run Behavior\ReadHtmlCacheBehavior [ RunTime:0.000657s ]
INFO: [ app_begin ] --END-- [ RunTime:0.000693s ]
INFO: [ view_parse ] --START--
INFO: [ template_filter ] --START--
INFO: Run Behavior\ContentReplaceBehavior [ RunTime:0.000026s ]
INFO: [ template_filter ] --END-- [ RunTime:0.000061s ]
INFO: Run Behavior\ParseTemplateBehavior [ RunTime:0.004818s ]
INFO: [ view_parse ] --END-- [ RunTime:0.004873s ]
INFO: [ view_filter ] --START--
INFO: Run Behavior\WriteHtmlCacheBehavior [ RunTime:0.000689s ]
INFO: Run Behavior\TokenBuildBehavior [ RunTime:0.000679s ]
INFO: [ view_filter ] --END-- [ RunTime:0.001421s ]
INFO: [ app_end ] --START--
INFO: Run Behavior\ShowPageTraceBehavior [ RunTime:0.000738s ]
INFO: [ app_end ] --END-- [ RunTime:0.000774s ]

[ 2016-12-18T22:33:20+08:00 ] 127.0.0.1 /studyPHP/DimensionTour/index.php/home/user-regSubmit
INFO: [ app_init ] --START--
INFO: Run Behavior\BuildLiteBehavior [ RunTime:0.000010s ]
INFO: [ app_init ] --END-- [ RunTime:0.000357s ]
INFO: [ app_begin ] --START--
INFO: Run Behavior\ReadHtmlCacheBehavior [ RunTime:0.000561s ]
INFO: [ app_begin ] --END-- [ RunTime:0.000598s ]
SQL: SHOW COLUMNS FROM `dt_user` [ RunTime:0.0102s ]
NOTIC: [8] Undefined index: validate D:\PHP\studyPHP\ThinkPHP\Library\Think\Model.class.php 第 1185 行.
SQL: SELECT * FROM `dt_user` WHERE `username` = 'admin2' LIMIT 1   [ RunTime:0.0006s ]
NOTIC: [8] Undefined index: auto D:\PHP\studyPHP\ThinkPHP\Library\Think\Model.class.php 第 1128 行.
NOTIC: [2] call_user_func_array() expects parameter 1 to be a valid callback, function 'encryption' not found or invalid function name D:\PHP\studyPHP\ThinkPHP\Library\Think\Model.class.php 第 1154 行.
ERR: 1048:Column 'password' cannot be null
 [ SQL语句 ] : INSERT INTO `dt_user` (`email`,`username`,`password`,`regtime`) VALUES ('admin2@qq.com','admin2',NULL,'1482071600')
ERR: 1048:Column 'password' cannot be null
 [ SQL语句 ] : INSERT INTO `dt_user` (`email`,`username`,`password`,`regtime`) VALUES ('admin2@qq.com','admin2',NULL,'1482071600')

[ 2016-12-18T22:34:52+08:00 ] 127.0.0.1 /studyPHP/DimensionTour/index.php/home/
INFO: [ app_init ] --START--
INFO: Run Behavior\BuildLiteBehavior [ RunTime:0.000012s ]
INFO: [ app_init ] --END-- [ RunTime:0.000564s ]
INFO: [ app_begin ] --START--
INFO: Run Behavior\ReadHtmlCacheBehavior [ RunTime:0.000837s ]
INFO: [ app_begin ] --END-- [ RunTime:0.000886s ]
INFO: [ view_parse ] --START--
INFO: [ template_filter ] --START--
INFO: Run Behavior\ContentReplaceBehavior [ RunTime:0.000034s ]
INFO: [ template_filter ] --END-- [ RunTime:0.000083s ]
INFO: Run Behavior\ParseTemplateBehavior [ RunTime:0.005668s ]
INFO: [ view_parse ] --END-- [ RunTime:0.005726s ]
INFO: [ view_filter ] --START--
INFO: Run Behavior\WriteHtmlCacheBehavior [ RunTime:0.000597s ]
INFO: Run Behavior\TokenBuildBehavior [ RunTime:0.000700s ]
INFO: [ view_filter ] --END-- [ RunTime:0.001360s ]
INFO: [ app_end ] --START--
INFO: Run Behavior\ShowPageTraceBehavior [ RunTime:0.000827s ]
INFO: [ app_end ] --END-- [ RunTime:0.000869s ]

[ 2016-12-18T22:34:59+08:00 ] 127.0.0.1 /studyPHP/DimensionTour/index.php/home/user-register
INFO: [ app_init ] --START--
INFO: Run Behavior\BuildLiteBehavior [ RunTime:0.000011s ]
INFO: [ app_init ] --END-- [ RunTime:0.000387s ]
INFO: [ app_begin ] --START--
INFO: Run Behavior\ReadHtmlCacheBehavior [ RunTime:0.000578s ]
INFO: [ app_begin ] --END-- [ RunTime:0.000618s ]
INFO: [ view_parse ] --START--
INFO: [ template_filter ] --START--
INFO: Run Behavior\ContentReplaceBehavior [ RunTime:0.000031s ]
INFO: [ template_filter ] --END-- [ RunTime:0.000067s ]
INFO: Run Behavior\ParseTemplateBehavior [ RunTime:0.004679s ]
INFO: [ view_parse ] --END-- [ RunTime:0.004721s ]
INFO: [ view_filter ] --START--
INFO: Run Behavior\WriteHtmlCacheBehavior [ RunTime:0.000456s ]
INFO: Run Behavior\TokenBuildBehavior [ RunTime:0.000576s ]
INFO: [ view_filter ] --END-- [ RunTime:0.001083s ]
INFO: [ app_end ] --START--
INFO: Run Behavior\ShowPageTraceBehavior [ RunTime:0.000632s ]
INFO: [ app_end ] --END-- [ RunTime:0.000671s ]

[ 2016-12-18T22:35:07+08:00 ] 127.0.0.1 /studyPHP/DimensionTour/index.php/home/user-regSubmit
INFO: [ app_init ] --START--
INFO: Run Behavior\BuildLiteBehavior [ RunTime:0.000010s ]
INFO: [ app_init ] --END-- [ RunTime:0.000362s ]
INFO: [ app_begin ] --START--
INFO: Run Behavior\ReadHtmlCacheBehavior [ RunTime:0.000662s ]
INFO: [ app_begin ] --END-- [ RunTime:0.000710s ]
SQL: SHOW COLUMNS FROM `dt_user` [ RunTime:0.0109s ]
NOTIC: [8] Undefined index: validate D:\PHP\studyPHP\ThinkPHP\Library\Think\Model.class.php 第 1185 行.
SQL: SELECT * FROM `dt_user` WHERE `username` = 'admin2' LIMIT 1   [ RunTime:0.0009s ]
NOTIC: [8] Undefined index: auto D:\PHP\studyPHP\ThinkPHP\Library\Think\Model.class.php 第 1128 行.
NOTIC: [2] call_user_func_array() expects parameter 1 to be a valid callback, function 'encryption' not found or invalid function name D:\PHP\studyPHP\ThinkPHP\Library\Think\Model.class.php 第 1154 行.
ERR: 1048:Column 'password' cannot be null
 [ SQL语句 ] : INSERT INTO `dt_user` (`email`,`username`,`password`,`regtime`) VALUES ('admin2@qq.com','admin2',NULL,'1482071707')
ERR: 1048:Column 'password' cannot be null
 [ SQL语句 ] : INSERT INTO `dt_user` (`email`,`username`,`password`,`regtime`) VALUES ('admin2@qq.com','admin2',NULL,'1482071707')

[ 2016-12-18T22:42:20+08:00 ] 127.0.0.1 /studyPHP/DimensionTour/index.php/home/
INFO: [ app_init ] --START--
INFO: Run Behavior\BuildLiteBehavior [ RunTime:0.000012s ]
INFO: [ app_init ] --END-- [ RunTime:0.000472s ]
INFO: [ app_begin ] --START--
INFO: Run Behavior\ReadHtmlCacheBehavior [ RunTime:0.000825s ]
INFO: [ app_begin ] --END-- [ RunTime:0.000874s ]
INFO: [ view_parse ] --START--
INFO: [ template_filter ] --START--
INFO: Run Behavior\ContentReplaceBehavior [ RunTime:0.000037s ]
INFO: [ template_filter ] --END-- [ RunTime:0.000091s ]
INFO: Run Behavior\ParseTemplateBehavior [ RunTime:0.005759s ]
INFO: [ view_parse ] --END-- [ RunTime:0.005809s ]
INFO: [ view_filter ] --START--
INFO: Run Behavior\WriteHtmlCacheBehavior [ RunTime:0.000617s ]
INFO: Run Behavior\TokenBuildBehavior [ RunTime:0.000722s ]
INFO: [ view_filter ] --END-- [ RunTime:0.001405s ]
INFO: [ app_end ] --START--
INFO: Run Behavior\ShowPageTraceBehavior [ RunTime:0.000819s ]
INFO: [ app_end ] --END-- [ RunTime:0.000862s ]

[ 2016-12-18T22:42:21+08:00 ] 127.0.0.1 /studyPHP/DimensionTour/index.php/home/user-register
INFO: [ app_init ] --START--
INFO: Run Behavior\BuildLiteBehavior [ RunTime:0.000011s ]
INFO: [ app_init ] --END-- [ RunTime:0.000415s ]
INFO: [ app_begin ] --START--
INFO: Run Behavior\ReadHtmlCacheBehavior [ RunTime:0.000602s ]
INFO: [ app_begin ] --END-- [ RunTime:0.000643s ]
INFO: [ view_parse ] --START--
INFO: [ template_filter ] --START--
INFO: Run Behavior\ContentReplaceBehavior [ RunTime:0.000029s ]
INFO: [ template_filter ] --END-- [ RunTime:0.000064s ]
INFO: Run Behavior\ParseTemplateBehavior [ RunTime:0.004358s ]
INFO: [ view_parse ] --END-- [ RunTime:0.004398s ]
INFO: [ view_filter ] --START--
INFO: Run Behavior\WriteHtmlCacheBehavior [ RunTime:0.000464s ]
INFO: Run Behavior\TokenBuildBehavior [ RunTime:0.000571s ]
INFO: [ view_filter ] --END-- [ RunTime:0.001089s ]
INFO: [ app_end ] --START--
INFO: Run Behavior\ShowPageTraceBehavior [ RunTime:0.000638s ]
INFO: [ app_end ] --END-- [ RunTime:0.000670s ]

[ 2016-12-18T22:42:34+08:00 ] 127.0.0.1 /studyPHP/DimensionTour/index.php/home/user-regSubmit
INFO: [ app_init ] --START--
INFO: Run Behavior\BuildLiteBehavior [ RunTime:0.000010s ]
INFO: [ app_init ] --END-- [ RunTime:0.000356s ]
INFO: [ app_begin ] --START--
INFO: Run Behavior\ReadHtmlCacheBehavior [ RunTime:0.000724s ]
INFO: [ app_begin ] --END-- [ RunTime:0.000797s ]
SQL: SHOW COLUMNS FROM `dt_user` [ RunTime:0.0091s ]
NOTIC: [8] Undefined index: validate D:\PHP\studyPHP\ThinkPHP\Library\Think\Model.class.php 第 1185 行.
SQL: SELECT * FROM `dt_user` WHERE `username` = 'admin2' LIMIT 1   [ RunTime:0.0048s ]
NOTIC: [8] Undefined index: auto D:\PHP\studyPHP\ThinkPHP\Library\Think\Model.class.php 第 1128 行.
SQL: INSERT INTO `dt_user` (`email`,`username`,`password`,`regtime`) VALUES ('admin2@qq.com','admin2','2186a5dff74c87bb43155a267af3ce12','1482072154') [ RunTime:0.0629s ]
INFO: [ view_parse ] --START--
INFO: [ template_filter ] --START--
INFO: Run Behavior\ContentReplaceBehavior [ RunTime:0.000114s ]
INFO: [ template_filter ] --END-- [ RunTime:0.000253s ]
INFO: Run Behavior\ParseTemplateBehavior [ RunTime:0.019719s ]
INFO: [ view_parse ] --END-- [ RunTime:0.019875s ]
INFO: [ view_filter ] --START--
INFO: Run Behavior\WriteHtmlCacheBehavior [ RunTime:0.001883s ]
INFO: Run Behavior\TokenBuildBehavior [ RunTime:0.002289s ]
INFO: [ view_filter ] --END-- [ RunTime:0.004373s ]
INFO: [ app_end ] --START--
INFO: Run Behavior\ShowPageTraceBehavior [ RunTime:0.002479s ]
INFO: [ app_end ] --END-- [ RunTime:0.002599s ]

[ 2016-12-18T22:42:35+08:00 ] 127.0.0.1 /studyPHP/DimensionTour/index.php/home/user-login
INFO: [ app_init ] --START--
INFO: Run Behavior\BuildLiteBehavior [ RunTime:0.000019s ]
INFO: [ app_init ] --END-- [ RunTime:0.000812s ]
INFO: [ app_begin ] --START--
INFO: Run Behavior\ReadHtmlCacheBehavior [ RunTime:0.001281s ]
INFO: [ app_begin ] --END-- [ RunTime:0.001358s ]
ERR: 非法操作:login

[ 2016-12-18T22:42:46+08:00 ] 127.0.0.1 /studyPHP/DimensionTour/index.php/home/
INFO: [ app_init ] --START--
INFO: Run Behavior\BuildLiteBehavior [ RunTime:0.000012s ]
INFO: [ app_init ] --END-- [ RunTime:0.000478s ]
INFO: [ app_begin ] --START--
INFO: Run Behavior\ReadHtmlCacheBehavior [ RunTime:0.000752s ]
INFO: [ app_begin ] --END-- [ RunTime:0.000797s ]
INFO: [ view_parse ] --START--
INFO: [ template_filter ] --START--
INFO: Run Behavior\ContentReplaceBehavior [ RunTime:0.000029s ]
INFO: [ template_filter ] --END-- [ RunTime:0.000075s ]
INFO: Run Behavior\ParseTemplateBehavior [ RunTime:0.005566s ]
INFO: [ view_parse ] --END-- [ RunTime:0.005619s ]
INFO: [ view_filter ] --START--
INFO: Run Behavior\WriteHtmlCacheBehavior [ RunTime:0.000674s ]
INFO: Run Behavior\TokenBuildBehavior [ RunTime:0.000754s ]
INFO: [ view_filter ] --END-- [ RunTime:0.001499s ]
INFO: [ app_end ] --START--
INFO: Run Behavior\ShowPageTraceBehavior [ RunTime:0.000887s ]
INFO: [ app_end ] --END-- [ RunTime:0.000929s ]

[ 2016-12-18T22:42:47+08:00 ] 127.0.0.1 /studyPHP/DimensionTour/index.php/home/user-register
INFO: [ app_init ] --START--
INFO: Run Behavior\BuildLiteBehavior [ RunTime:0.000010s ]
INFO: [ app_init ] --END-- [ RunTime:0.000363s ]
INFO: [ app_begin ] --START--
INFO: Run Behavior\ReadHtmlCacheBehavior [ RunTime:0.000572s ]
INFO: [ app_begin ] --END-- [ RunTime:0.000608s ]
INFO: [ view_parse ] --START--
INFO: [ template_filter ] --START--
INFO: Run Behavior\ContentReplaceBehavior [ RunTime:0.000027s ]
INFO: [ template_filter ] --END-- [ RunTime:0.000065s ]
INFO: Run Behavior\ParseTemplateBehavior [ RunTime:0.004362s ]
INFO: [ view_parse ] --END-- [ RunTime:0.004403s ]
INFO: [ view_filter ] --START--
INFO: Run Behavior\WriteHtmlCacheBehavior [ RunTime:0.000468s ]
INFO: Run Behavior\TokenBuildBehavior [ RunTime:0.000641s ]
INFO: [ view_filter ] --END-- [ RunTime:0.001160s ]
INFO: [ app_end ] --START--
INFO: Run Behavior\ShowPageTraceBehavior [ RunTime:0.000681s ]
INFO: [ app_end ] --END-- [ RunTime:0.000713s ]

[ 2016-12-18T22:43:02+08:00 ] 127.0.0.1 /studyPHP/DimensionTour/index.php/home/user-regSubmit
INFO: [ app_init ] --START--
INFO: Run Behavior\BuildLiteBehavior [ RunTime:0.000013s ]
INFO: [ app_init ] --END-- [ RunTime:0.000458s ]
INFO: [ app_begin ] --START--
INFO: Run Behavior\ReadHtmlCacheBehavior [ RunTime:0.000811s ]
INFO: [ app_begin ] --END-- [ RunTime:0.000862s ]
SQL: SHOW COLUMNS FROM `dt_user` [ RunTime:0.0111s ]
NOTIC: [8] Undefined index: validate D:\PHP\studyPHP\ThinkPHP\Library\Think\Model.class.php 第 1185 行.
SQL: SELECT * FROM `dt_user` WHERE `username` = 'admin3' LIMIT 1   [ RunTime:0.0009s ]
NOTIC: [8] Undefined index: auto D:\PHP\studyPHP\ThinkPHP\Library\Think\Model.class.php 第 1128 行.
ERR: Think\Model:encryption方法不存在！

[ 2016-12-18T22:46:23+08:00 ] 127.0.0.1 /studyPHP/DimensionTour/index.php/home/
INFO: [ app_init ] --START--
INFO: Run Behavior\BuildLiteBehavior [ RunTime:0.000012s ]
INFO: [ app_init ] --END-- [ RunTime:0.000536s ]
INFO: [ app_begin ] --START--
INFO: Run Behavior\ReadHtmlCacheBehavior [ RunTime:0.000763s ]
INFO: [ app_begin ] --END-- [ RunTime:0.000815s ]
INFO: [ view_parse ] --START--
INFO: [ template_filter ] --START--
INFO: Run Behavior\ContentReplaceBehavior [ RunTime:0.000037s ]
INFO: [ template_filter ] --END-- [ RunTime:0.000090s ]
INFO: Run Behavior\ParseTemplateBehavior [ RunTime:0.005764s ]
INFO: [ view_parse ] --END-- [ RunTime:0.005825s ]
INFO: [ view_filter ] --START--
INFO: Run Behavior\WriteHtmlCacheBehavior [ RunTime:0.000648s ]
INFO: Run Behavior\TokenBuildBehavior [ RunTime:0.000778s ]
INFO: [ view_filter ] --END-- [ RunTime:0.001486s ]
INFO: [ app_end ] --START--
INFO: Run Behavior\ShowPageTraceBehavior [ RunTime:0.000882s ]
INFO: [ app_end ] --END-- [ RunTime:0.000924s ]

[ 2016-12-18T22:46:24+08:00 ] 127.0.0.1 /studyPHP/DimensionTour/index.php/home/user-register
INFO: [ app_init ] --START--
INFO: Run Behavior\BuildLiteBehavior [ RunTime:0.000012s ]
INFO: [ app_init ] --END-- [ RunTime:0.000467s ]
INFO: [ app_begin ] --START--
INFO: Run Behavior\ReadHtmlCacheBehavior [ RunTime:0.000811s ]
INFO: [ app_begin ] --END-- [ RunTime:0.000862s ]
INFO: [ view_parse ] --START--
INFO: [ template_filter ] --START--
INFO: Run Behavior\ContentReplaceBehavior [ RunTime:0.000039s ]
INFO: [ template_filter ] --END-- [ RunTime:0.000093s ]
INFO: Run Behavior\ParseTemplateBehavior [ RunTime:0.006130s ]
INFO: [ view_parse ] --END-- [ RunTime:0.006183s ]
INFO: [ view_filter ] --START--
INFO: Run Behavior\WriteHtmlCacheBehavior [ RunTime:0.000627s ]
INFO: Run Behavior\TokenBuildBehavior [ RunTime:0.000777s ]
INFO: [ view_filter ] --END-- [ RunTime:0.001463s ]
INFO: [ app_end ] --START--
INFO: Run Behavior\ShowPageTraceBehavior [ RunTime:0.000760s ]
INFO: [ app_end ] --END-- [ RunTime:0.000795s ]

[ 2016-12-18T22:46:58+08:00 ] 127.0.0.1 /studyPHP/DimensionTour/index.php/home/user-regSubmit
INFO: [ app_init ] --START--
INFO: Run Behavior\BuildLiteBehavior [ RunTime:0.000011s ]
INFO: [ app_init ] --END-- [ RunTime:0.000390s ]
INFO: [ app_begin ] --START--
INFO: Run Behavior\ReadHtmlCacheBehavior [ RunTime:0.000613s ]
INFO: [ app_begin ] --END-- [ RunTime:0.000653s ]
SQL: SHOW COLUMNS FROM `dt_user` [ RunTime:0.0113s ]
NOTIC: [8] Undefined index: validate D:\PHP\studyPHP\ThinkPHP\Library\Think\Model.class.php 第 1185 行.
SQL: SELECT * FROM `dt_user` WHERE `username` = 'admin3' LIMIT 1   [ RunTime:0.0011s ]
NOTIC: [8] Undefined index: auto D:\PHP\studyPHP\ThinkPHP\Library\Think\Model.class.php 第 1128 行.
ERR: Think\Model:encryption方法不存在！

[ 2016-12-18T22:47:37+08:00 ] 127.0.0.1 /studyPHP/DimensionTour/index.php/home/
INFO: [ app_init ] --START--
INFO: Run Behavior\BuildLiteBehavior [ RunTime:0.000014s ]
INFO: [ app_init ] --END-- [ RunTime:0.000504s ]
INFO: [ app_begin ] --START--
INFO: Run Behavior\ReadHtmlCacheBehavior [ RunTime:0.000771s ]
INFO: [ app_begin ] --END-- [ RunTime:0.000822s ]
INFO: [ view_parse ] --START--
INFO: [ template_filter ] --START--
INFO: Run Behavior\ContentReplaceBehavior [ RunTime:0.000036s ]
INFO: [ template_filter ] --END-- [ RunTime:0.000091s ]
INFO: Run Behavior\ParseTemplateBehavior [ RunTime:0.006483s ]
INFO: [ view_parse ] --END-- [ RunTime:0.006539s ]
INFO: [ view_filter ] --START--
INFO: Run Behavior\WriteHtmlCacheBehavior [ RunTime:0.000621s ]
INFO: Run Behavior\TokenBuildBehavior [ RunTime:0.000677s ]
INFO: [ view_filter ] --END-- [ RunTime:0.001365s ]
INFO: [ app_end ] --START--
INFO: Run Behavior\ShowPageTraceBehavior [ RunTime:0.000785s ]
INFO: [ app_end ] --END-- [ RunTime:0.000827s ]

[ 2016-12-18T22:47:38+08:00 ] 127.0.0.1 /studyPHP/DimensionTour/index.php/home/user-register
INFO: [ app_init ] --START--
INFO: Run Behavior\BuildLiteBehavior [ RunTime:0.000013s ]
INFO: [ app_init ] --END-- [ RunTime:0.000469s ]
INFO: [ app_begin ] --START--
INFO: Run Behavior\ReadHtmlCacheBehavior [ RunTime:0.000756s ]
INFO: [ app_begin ] --END-- [ RunTime:0.000807s ]
INFO: [ view_parse ] --START--
INFO: [ template_filter ] --START--
INFO: Run Behavior\ContentReplaceBehavior [ RunTime:0.000057s ]
INFO: [ template_filter ] --END-- [ RunTime:0.000110s ]
INFO: Run Behavior\ParseTemplateBehavior [ RunTime:0.006016s ]
INFO: [ view_parse ] --END-- [ RunTime:0.006060s ]
INFO: [ view_filter ] --START--
INFO: Run Behavior\WriteHtmlCacheBehavior [ RunTime:0.000423s ]
INFO: Run Behavior\TokenBuildBehavior [ RunTime:0.000518s ]
INFO: [ view_filter ] --END-- [ RunTime:0.000987s ]
INFO: [ app_end ] --START--
INFO: Run Behavior\ShowPageTraceBehavior [ RunTime:0.000636s ]
INFO: [ app_end ] --END-- [ RunTime:0.000674s ]

[ 2016-12-18T22:47:48+08:00 ] 127.0.0.1 /studyPHP/DimensionTour/index.php/home/user-regSubmit
INFO: [ app_init ] --START--
INFO: Run Behavior\BuildLiteBehavior [ RunTime:0.000010s ]
INFO: [ app_init ] --END-- [ RunTime:0.000365s ]
INFO: [ app_begin ] --START--
INFO: Run Behavior\ReadHtmlCacheBehavior [ RunTime:0.000601s ]
INFO: [ app_begin ] --END-- [ RunTime:0.000640s ]
SQL: SHOW COLUMNS FROM `dt_user` [ RunTime:0.0060s ]
NOTIC: [8] Undefined index: validate D:\PHP\studyPHP\ThinkPHP\Library\Think\Model.class.php 第 1185 行.
SQL: SELECT * FROM `dt_user` WHERE `username` = 'admin3' LIMIT 1   [ RunTime:0.0005s ]
NOTIC: [8] Undefined index: auto D:\PHP\studyPHP\ThinkPHP\Library\Think\Model.class.php 第 1128 行.
ERR: Think\Model:encryption方法不存在！

[ 2016-12-18T22:52:26+08:00 ] 127.0.0.1 /studyPHP/DimensionTour/index.php/home/user-register
INFO: [ app_init ] --START--
INFO: Run Behavior\BuildLiteBehavior [ RunTime:0.000018s ]
INFO: [ app_init ] --END-- [ RunTime:0.000749s ]
INFO: [ app_begin ] --START--
INFO: Run Behavior\ReadHtmlCacheBehavior [ RunTime:0.000515s ]
INFO: [ app_begin ] --END-- [ RunTime:0.000565s ]
INFO: [ view_parse ] --START--
INFO: [ template_filter ] --START--
INFO: Run Behavior\ContentReplaceBehavior [ RunTime:0.000030s ]
INFO: [ template_filter ] --END-- [ RunTime:0.000063s ]
INFO: Run Behavior\ParseTemplateBehavior [ RunTime:0.004009s ]
INFO: [ view_parse ] --END-- [ RunTime:0.004047s ]
INFO: [ view_filter ] --START--
INFO: Run Behavior\WriteHtmlCacheBehavior [ RunTime:0.000317s ]
INFO: Run Behavior\TokenBuildBehavior [ RunTime:0.000432s ]
INFO: [ view_filter ] --END-- [ RunTime:0.000796s ]
INFO: [ app_end ] --START--
INFO: Run Behavior\ShowPageTraceBehavior [ RunTime:0.000497s ]
INFO: [ app_end ] --END-- [ RunTime:0.000527s ]

[ 2016-12-18T22:52:35+08:00 ] 127.0.0.1 /studyPHP/DimensionTour/index.php/home/user-regSubmit
INFO: [ app_init ] --START--
INFO: Run Behavior\BuildLiteBehavior [ RunTime:0.000012s ]
INFO: [ app_init ] --END-- [ RunTime:0.000359s ]
INFO: [ app_begin ] --START--
INFO: Run Behavior\ReadHtmlCacheBehavior [ RunTime:0.000416s ]
INFO: [ app_begin ] --END-- [ RunTime:0.000459s ]
SQL: SHOW COLUMNS FROM `dt_user` [ RunTime:0.0098s ]
NOTIC: [8] Undefined index: validate D:\PHP\studyPHP\ThinkPHP\Library\Think\Model.class.php 第 1185 行.
SQL: SELECT * FROM `dt_user` WHERE `username` = 'admin3' LIMIT 1   [ RunTime:0.0009s ]
NOTIC: [8] Undefined index: auto D:\PHP\studyPHP\ThinkPHP\Library\Think\Model.class.php 第 1128 行.
SQL: INSERT INTO `dt_user` (`email`,`username`,`password`,`regtime`) VALUES ('admin3@qq.com','admin3','6d183cd829d046c9e33f7b403a22e5ac','1482072755') [ RunTime:0.0982s ]
INFO: [ view_parse ] --START--
INFO: [ template_filter ] --START--
INFO: Run Behavior\ContentReplaceBehavior [ RunTime:0.000153s ]
INFO: [ template_filter ] --END-- [ RunTime:0.000330s ]
INFO: Run Behavior\ParseTemplateBehavior [ RunTime:0.017987s ]
INFO: [ view_parse ] --END-- [ RunTime:0.018119s ]
INFO: [ view_filter ] --START--
INFO: Run Behavior\WriteHtmlCacheBehavior [ RunTime:0.000968s ]
INFO: Run Behavior\TokenBuildBehavior [ RunTime:0.001577s ]
INFO: [ view_filter ] --END-- [ RunTime:0.002769s ]
INFO: [ app_end ] --START--
INFO: Run Behavior\ShowPageTraceBehavior [ RunTime:0.002378s ]
INFO: [ app_end ] --END-- [ RunTime:0.002582s ]

[ 2016-12-18T22:52:36+08:00 ] 127.0.0.1 /studyPHP/DimensionTour/index.php/home/user-login
INFO: [ app_init ] --START--
INFO: Run Behavior\BuildLiteBehavior [ RunTime:0.000024s ]
INFO: [ app_init ] --END-- [ RunTime:0.001021s ]
INFO: [ app_begin ] --START--
INFO: Run Behavior\ReadHtmlCacheBehavior [ RunTime:0.001521s ]
INFO: [ app_begin ] --END-- [ RunTime:0.001686s ]
INFO: [ view_parse ] --START--
INFO: [ template_filter ] --START--
INFO: Run Behavior\ContentReplaceBehavior [ RunTime:0.000042s ]
INFO: [ template_filter ] --END-- [ RunTime:0.000105s ]
INFO: Run Behavior\ParseTemplateBehavior [ RunTime:0.004834s ]
INFO: [ view_parse ] --END-- [ RunTime:0.004904s ]
INFO: [ view_filter ] --START--
INFO: Run Behavior\WriteHtmlCacheBehavior [ RunTime:0.000307s ]
INFO: Run Behavior\TokenBuildBehavior [ RunTime:0.000404s ]
INFO: [ view_filter ] --END-- [ RunTime:0.000765s ]
INFO: [ app_end ] --START--
INFO: Run Behavior\ShowPageTraceBehavior [ RunTime:0.000456s ]
INFO: [ app_end ] --END-- [ RunTime:0.000488s ]

[ 2016-12-18T22:53:45+08:00 ] 127.0.0.1 /studyPHP/DimensionTour/index.php/home/
INFO: [ app_init ] --START--
INFO: Run Behavior\BuildLiteBehavior [ RunTime:0.000012s ]
INFO: [ app_init ] --END-- [ RunTime:0.000422s ]
INFO: [ app_begin ] --START--
INFO: Run Behavior\ReadHtmlCacheBehavior [ RunTime:0.000551s ]
INFO: [ app_begin ] --END-- [ RunTime:0.000599s ]
INFO: [ view_parse ] --START--
INFO: [ template_filter ] --START--
INFO: Run Behavior\ContentReplaceBehavior [ RunTime:0.000035s ]
INFO: [ template_filter ] --END-- [ RunTime:0.000081s ]
INFO: Run Behavior\ParseTemplateBehavior [ RunTime:0.004495s ]
INFO: [ view_parse ] --END-- [ RunTime:0.004545s ]
INFO: [ view_filter ] --START--
INFO: Run Behavior\WriteHtmlCacheBehavior [ RunTime:0.000299s ]
INFO: Run Behavior\TokenBuildBehavior [ RunTime:0.000409s ]
INFO: [ view_filter ] --END-- [ RunTime:0.000769s ]
INFO: [ app_end ] --START--
INFO: Run Behavior\ShowPageTraceBehavior [ RunTime:0.000521s ]
INFO: [ app_end ] --END-- [ RunTime:0.000561s ]

[ 2016-12-18T22:53:46+08:00 ] 127.0.0.1 /studyPHP/DimensionTour/index.php/home/user-login
INFO: [ app_init ] --START--
INFO: Run Behavior\BuildLiteBehavior [ RunTime:0.000009s ]
INFO: [ app_init ] --END-- [ RunTime:0.000315s ]
INFO: [ app_begin ] --START--
INFO: Run Behavior\ReadHtmlCacheBehavior [ RunTime:0.000413s ]
INFO: [ app_begin ] --END-- [ RunTime:0.000450s ]
INFO: [ view_parse ] --START--
INFO: [ template_filter ] --START--
INFO: Run Behavior\ContentReplaceBehavior [ RunTime:0.000032s ]
INFO: [ template_filter ] --END-- [ RunTime:0.000079s ]
INFO: Run Behavior\ParseTemplateBehavior [ RunTime:0.003902s ]
INFO: [ view_parse ] --END-- [ RunTime:0.003943s ]
INFO: [ view_filter ] --START--
INFO: Run Behavior\WriteHtmlCacheBehavior [ RunTime:0.000257s ]
INFO: Run Behavior\TokenBuildBehavior [ RunTime:0.000345s ]
INFO: [ view_filter ] --END-- [ RunTime:0.000686s ]
INFO: [ app_end ] --START--
INFO: Run Behavior\ShowPageTraceBehavior [ RunTime:0.000545s ]
INFO: [ app_end ] --END-- [ RunTime:0.000587s ]

[ 2016-12-18T23:09:25+08:00 ] 127.0.0.1 /studyPHP/DimensionTour/index.php/home/
INFO: [ app_init ] --START--
INFO: Run Behavior\BuildLiteBehavior [ RunTime:0.000020s ]
INFO: [ app_init ] --END-- [ RunTime:0.000590s ]
INFO: [ app_begin ] --START--
INFO: Run Behavior\ReadHtmlCacheBehavior [ RunTime:0.000732s ]
INFO: [ app_begin ] --END-- [ RunTime:0.000797s ]
INFO: [ view_parse ] --START--
INFO: [ template_filter ] --START--
INFO: Run Behavior\ContentReplaceBehavior [ RunTime:0.000038s ]
INFO: [ template_filter ] --END-- [ RunTime:0.000092s ]
INFO: Run Behavior\ParseTemplateBehavior [ RunTime:0.005330s ]
INFO: [ view_parse ] --END-- [ RunTime:0.005385s ]
INFO: [ view_filter ] --START--
INFO: Run Behavior\WriteHtmlCacheBehavior [ RunTime:0.000422s ]
INFO: Run Behavior\TokenBuildBehavior [ RunTime:0.000577s ]
INFO: [ view_filter ] --END-- [ RunTime:0.001064s ]
INFO: [ app_end ] --START--
INFO: Run Behavior\ShowPageTraceBehavior [ RunTime:0.000669s ]
INFO: [ app_end ] --END-- [ RunTime:0.000708s ]

[ 2016-12-18T23:09:26+08:00 ] 127.0.0.1 /studyPHP/DimensionTour/index.php/home/user-register
INFO: [ app_init ] --START--
INFO: Run Behavior\BuildLiteBehavior [ RunTime:0.000012s ]
INFO: [ app_init ] --END-- [ RunTime:0.000436s ]
INFO: [ app_begin ] --START--
INFO: Run Behavior\ReadHtmlCacheBehavior [ RunTime:0.000503s ]
INFO: [ app_begin ] --END-- [ RunTime:0.000551s ]
INFO: [ view_parse ] --START--
INFO: [ template_filter ] --START--
INFO: Run Behavior\ContentReplaceBehavior [ RunTime:0.000034s ]
INFO: [ template_filter ] --END-- [ RunTime:0.000072s ]
INFO: Run Behavior\ParseTemplateBehavior [ RunTime:0.004234s ]
INFO: [ view_parse ] --END-- [ RunTime:0.004282s ]
INFO: [ view_filter ] --START--
INFO: Run Behavior\WriteHtmlCacheBehavior [ RunTime:0.000336s ]
INFO: Run Behavior\TokenBuildBehavior [ RunTime:0.000362s ]
INFO: [ view_filter ] --END-- [ RunTime:0.000746s ]
INFO: [ app_end ] --START--
INFO: Run Behavior\ShowPageTraceBehavior [ RunTime:0.000413s ]
INFO: [ app_end ] --END-- [ RunTime:0.000444s ]

[ 2016-12-18T23:09:42+08:00 ] 127.0.0.1 /studyPHP/DimensionTour/index.php/home/user-regSubmit
INFO: [ app_init ] --START--
INFO: Run Behavior\BuildLiteBehavior [ RunTime:0.000010s ]
INFO: [ app_init ] --END-- [ RunTime:0.000320s ]
INFO: [ app_begin ] --START--
INFO: Run Behavior\ReadHtmlCacheBehavior [ RunTime:0.000369s ]
INFO: [ app_begin ] --END-- [ RunTime:0.000406s ]
SQL: SHOW COLUMNS FROM `dt_user` [ RunTime:0.0145s ]
NOTIC: [8] Undefined index: validate D:\PHP\studyPHP\ThinkPHP\Library\Think\Model.class.php 第 1185 行.
SQL: SELECT * FROM `dt_user` WHERE `username` = 'admin4' LIMIT 1   [ RunTime:0.0010s ]
NOTIC: [8] Undefined index: auto D:\PHP\studyPHP\ThinkPHP\Library\Think\Model.class.php 第 1128 行.
ERR: Think\Model:encryption方法不存在！

[ 2016-12-18T23:10:32+08:00 ] 127.0.0.1 /studyPHP/DimensionTour/index.php/home/
INFO: [ app_init ] --START--
INFO: Run Behavior\BuildLiteBehavior [ RunTime:0.000013s ]
INFO: [ app_init ] --END-- [ RunTime:0.000499s ]
INFO: [ app_begin ] --START--
INFO: Run Behavior\ReadHtmlCacheBehavior [ RunTime:0.000601s ]
INFO: [ app_begin ] --END-- [ RunTime:0.000649s ]
INFO: [ view_parse ] --START--
INFO: [ template_filter ] --START--
INFO: Run Behavior\ContentReplaceBehavior [ RunTime:0.000033s ]
INFO: [ template_filter ] --END-- [ RunTime:0.000078s ]
INFO: Run Behavior\ParseTemplateBehavior [ RunTime:0.004561s ]
INFO: [ view_parse ] --END-- [ RunTime:0.004611s ]
INFO: [ view_filter ] --START--
INFO: Run Behavior\WriteHtmlCacheBehavior [ RunTime:0.000300s ]
INFO: Run Behavior\TokenBuildBehavior [ RunTime:0.000393s ]
INFO: [ view_filter ] --END-- [ RunTime:0.000754s ]
INFO: [ app_end ] --START--
INFO: Run Behavior\ShowPageTraceBehavior [ RunTime:0.000552s ]
INFO: [ app_end ] --END-- [ RunTime:0.000594s ]

[ 2016-12-18T23:10:33+08:00 ] 127.0.0.1 /studyPHP/DimensionTour/index.php/home/user-register
INFO: [ app_init ] --START--
INFO: Run Behavior\BuildLiteBehavior [ RunTime:0.000012s ]
INFO: [ app_init ] --END-- [ RunTime:0.000422s ]
INFO: [ app_begin ] --START--
INFO: Run Behavior\ReadHtmlCacheBehavior [ RunTime:0.000504s ]
INFO: [ app_begin ] --END-- [ RunTime:0.000551s ]
INFO: [ view_parse ] --START--
INFO: [ template_filter ] --START--
INFO: Run Behavior\ContentReplaceBehavior [ RunTime:0.000036s ]
INFO: [ template_filter ] --END-- [ RunTime:0.000088s ]
INFO: Run Behavior\ParseTemplateBehavior [ RunTime:0.004867s ]
INFO: [ view_parse ] --END-- [ RunTime:0.004917s ]
INFO: [ view_filter ] --START--
INFO: Run Behavior\WriteHtmlCacheBehavior [ RunTime:0.000367s ]
INFO: Run Behavior\TokenBuildBehavior [ RunTime:0.000514s ]
INFO: [ view_filter ] --END-- [ RunTime:0.000944s ]
INFO: [ app_end ] --START--
INFO: Run Behavior\ShowPageTraceBehavior [ RunTime:0.000508s ]
INFO: [ app_end ] --END-- [ RunTime:0.000545s ]

[ 2016-12-18T23:10:41+08:00 ] 127.0.0.1 /studyPHP/DimensionTour/index.php/home/user-regSubmit
INFO: [ app_init ] --START--
INFO: Run Behavior\BuildLiteBehavior [ RunTime:0.000011s ]
INFO: [ app_init ] --END-- [ RunTime:0.000408s ]
INFO: [ app_begin ] --START--
INFO: Run Behavior\ReadHtmlCacheBehavior [ RunTime:0.000579s ]
INFO: [ app_begin ] --END-- [ RunTime:0.000633s ]
SQL: SHOW COLUMNS FROM `dt_user` [ RunTime:0.0125s ]
NOTIC: [8] Undefined index: validate D:\PHP\studyPHP\ThinkPHP\Library\Think\Model.class.php 第 1185 行.
SQL: SELECT * FROM `dt_user` WHERE `username` = 'admin4' LIMIT 1   [ RunTime:0.0008s ]
NOTIC: [8] Undefined index: auto D:\PHP\studyPHP\ThinkPHP\Library\Think\Model.class.php 第 1128 行.
ERR: Think\Model:encryption方法不存在！

[ 2016-12-18T23:12:32+08:00 ] 127.0.0.1 /studyPHP/DimensionTour/index.php/home/
INFO: [ app_init ] --START--
INFO: Run Behavior\BuildLiteBehavior [ RunTime:0.000011s ]
INFO: [ app_init ] --END-- [ RunTime:0.000431s ]
INFO: [ app_begin ] --START--
INFO: Run Behavior\ReadHtmlCacheBehavior [ RunTime:0.000467s ]
INFO: [ app_begin ] --END-- [ RunTime:0.000505s ]
INFO: [ view_parse ] --START--
INFO: [ template_filter ] --START--
INFO: Run Behavior\ContentReplaceBehavior [ RunTime:0.000031s ]
INFO: [ template_filter ] --END-- [ RunTime:0.000075s ]
INFO: Run Behavior\ParseTemplateBehavior [ RunTime:0.003778s ]
INFO: [ view_parse ] --END-- [ RunTime:0.003820s ]
INFO: [ view_filter ] --START--
INFO: Run Behavior\WriteHtmlCacheBehavior [ RunTime:0.000318s ]
INFO: Run Behavior\TokenBuildBehavior [ RunTime:0.000369s ]
INFO: [ view_filter ] --END-- [ RunTime:0.000735s ]
INFO: [ app_end ] --START--
INFO: Run Behavior\ShowPageTraceBehavior [ RunTime:0.000460s ]
INFO: [ app_end ] --END-- [ RunTime:0.000491s ]

[ 2016-12-18T23:12:33+08:00 ] 127.0.0.1 /studyPHP/DimensionTour/index.php/home/user-login
INFO: [ app_init ] --START--
INFO: Run Behavior\BuildLiteBehavior [ RunTime:0.000012s ]
INFO: [ app_init ] --END-- [ RunTime:0.000422s ]
INFO: [ app_begin ] --START--
INFO: Run Behavior\ReadHtmlCacheBehavior [ RunTime:0.000504s ]
INFO: [ app_begin ] --END-- [ RunTime:0.000550s ]
INFO: [ view_parse ] --START--
INFO: [ template_filter ] --START--
INFO: Run Behavior\ContentReplaceBehavior [ RunTime:0.000034s ]
INFO: [ template_filter ] --END-- [ RunTime:0.000082s ]
INFO: Run Behavior\ParseTemplateBehavior [ RunTime:0.004799s ]
INFO: [ view_parse ] --END-- [ RunTime:0.004850s ]
INFO: [ view_filter ] --START--
INFO: Run Behavior\WriteHtmlCacheBehavior [ RunTime:0.000348s ]
INFO: Run Behavior\TokenBuildBehavior [ RunTime:0.000481s ]
INFO: [ view_filter ] --END-- [ RunTime:0.000893s ]
INFO: [ app_end ] --START--
INFO: Run Behavior\ShowPageTraceBehavior [ RunTime:0.000565s ]
INFO: [ app_end ] --END-- [ RunTime:0.000604s ]

[ 2016-12-18T23:12:41+08:00 ] 127.0.0.1 /studyPHP/DimensionTour/index.php/home/user-logSubmit
INFO: [ app_init ] --START--
INFO: Run Behavior\BuildLiteBehavior [ RunTime:0.000010s ]
INFO: [ app_init ] --END-- [ RunTime:0.000317s ]
INFO: [ app_begin ] --START--
INFO: Run Behavior\ReadHtmlCacheBehavior [ RunTime:0.000378s ]
INFO: [ app_begin ] --END-- [ RunTime:0.000415s ]
SQL: SHOW COLUMNS FROM `dt_user` [ RunTime:0.0112s ]
INFO: [ app_end ] --START--
INFO: Run Behavior\ShowPageTraceBehavior [ RunTime:0.001768s ]
INFO: [ app_end ] --END-- [ RunTime:0.001938s ]

[ 2016-12-18T23:13:21+08:00 ] 127.0.0.1 /studyPHP/DimensionTour/index.php/home/user-logSubmit
INFO: [ app_init ] --START--
INFO: Run Behavior\BuildLiteBehavior [ RunTime:0.000013s ]
INFO: [ app_init ] --END-- [ RunTime:0.000478s ]
INFO: [ app_begin ] --START--
INFO: Run Behavior\ReadHtmlCacheBehavior [ RunTime:0.000523s ]
INFO: [ app_begin ] --END-- [ RunTime:0.000574s ]
SQL: SHOW COLUMNS FROM `dt_user` [ RunTime:0.0098s ]
INFO: [ app_end ] --START--
INFO: Run Behavior\ShowPageTraceBehavior [ RunTime:0.001605s ]
INFO: [ app_end ] --END-- [ RunTime:0.001725s ]

[ 2016-12-18T23:14:01+08:00 ] 127.0.0.1 /studyPHP/DimensionTour/index.php/home/user-login
INFO: [ app_init ] --START--
INFO: Run Behavior\BuildLiteBehavior [ RunTime:0.000018s ]
INFO: [ app_init ] --END-- [ RunTime:0.000700s ]
INFO: [ app_begin ] --START--
INFO: Run Behavior\ReadHtmlCacheBehavior [ RunTime:0.000787s ]
INFO: [ app_begin ] --END-- [ RunTime:0.000861s ]
INFO: [ view_parse ] --START--
INFO: [ template_filter ] --START--
INFO: Run Behavior\ContentReplaceBehavior [ RunTime:0.000033s ]
INFO: [ template_filter ] --END-- [ RunTime:0.000080s ]
INFO: Run Behavior\ParseTemplateBehavior [ RunTime:0.005736s ]
INFO: [ view_parse ] --END-- [ RunTime:0.005790s ]
INFO: [ view_filter ] --START--
INFO: Run Behavior\WriteHtmlCacheBehavior [ RunTime:0.000313s ]
INFO: Run Behavior\TokenBuildBehavior [ RunTime:0.000406s ]
INFO: [ view_filter ] --END-- [ RunTime:0.000766s ]
INFO: [ app_end ] --START--
INFO: Run Behavior\ShowPageTraceBehavior [ RunTime:0.000437s ]
INFO: [ app_end ] --END-- [ RunTime:0.000469s ]

[ 2016-12-18T23:14:06+08:00 ] 127.0.0.1 /studyPHP/DimensionTour/index.php/home/user-logSubmit
INFO: [ app_init ] --START--
INFO: Run Behavior\BuildLiteBehavior [ RunTime:0.000012s ]
INFO: [ app_init ] --END-- [ RunTime:0.000437s ]
INFO: [ app_begin ] --START--
INFO: Run Behavior\ReadHtmlCacheBehavior [ RunTime:0.000513s ]
INFO: [ app_begin ] --END-- [ RunTime:0.000563s ]
SQL: SHOW COLUMNS FROM `dt_user` [ RunTime:0.0099s ]
SQL: SELECT * FROM `dt_user` WHERE ( username='0sername' and password='assword'  )  [ RunTime:0.0259s ]
INFO: [ app_end ] --START--
INFO: Run Behavior\ShowPageTraceBehavior [ RunTime:0.001678s ]
INFO: [ app_end ] --END-- [ RunTime:0.001801s ]

[ 2016-12-18T23:14:21+08:00 ] 127.0.0.1 /studyPHP/DimensionTour/index.php/home/user-logSubmit
INFO: [ app_init ] --START--
INFO: Run Behavior\BuildLiteBehavior [ RunTime:0.000013s ]
INFO: [ app_init ] --END-- [ RunTime:0.000484s ]
INFO: [ app_begin ] --START--
INFO: Run Behavior\ReadHtmlCacheBehavior [ RunTime:0.000593s ]
INFO: [ app_begin ] --END-- [ RunTime:0.000644s ]
SQL: SHOW COLUMNS FROM `dt_user` [ RunTime:0.0058s ]
SQL: SELECT * FROM `dt_user` WHERE ( username='0sername' and password='assword'  )  [ RunTime:0.0005s ]
INFO: [ app_end ] --START--
INFO: Run Behavior\ShowPageTraceBehavior [ RunTime:0.000894s ]
INFO: [ app_end ] --END-- [ RunTime:0.000962s ]

[ 2016-12-18T23:14:43+08:00 ] 127.0.0.1 /studyPHP/DimensionTour/index.php/home/user-logSubmit
INFO: [ app_init ] --START--
INFO: Run Behavior\BuildLiteBehavior [ RunTime:0.000013s ]
INFO: [ app_init ] --END-- [ RunTime:0.000620s ]
INFO: [ app_begin ] --START--
INFO: Run Behavior\ReadHtmlCacheBehavior [ RunTime:0.000685s ]
INFO: [ app_begin ] --END-- [ RunTime:0.000737s ]
SQL: SHOW COLUMNS FROM `dt_user` [ RunTime:0.0561s ]
SQL: SELECT * FROM `dt_user` WHERE ( username='0sername' and password='assword'  )  [ RunTime:0.0010s ]
INFO: [ app_end ] --START--
INFO: Run Behavior\ShowPageTraceBehavior [ RunTime:0.001976s ]
INFO: [ app_end ] --END-- [ RunTime:0.002110s ]

[ 2016-12-18T23:15:07+08:00 ] 127.0.0.1 /studyPHP/DimensionTour/index.php/home/user-logSubmit
INFO: [ app_init ] --START--
INFO: Run Behavior\BuildLiteBehavior [ RunTime:0.000012s ]
INFO: [ app_init ] --END-- [ RunTime:0.000483s ]
INFO: [ app_begin ] --START--
INFO: Run Behavior\ReadHtmlCacheBehavior [ RunTime:0.000502s ]
INFO: [ app_begin ] --END-- [ RunTime:0.000550s ]
SQL: SHOW COLUMNS FROM `dt_user` [ RunTime:0.0068s ]
SQL: SELECT * FROM `dt_user` WHERE ( username='admin2' and password='2186a5dff74c87bb43155a267af3ce12'  )  [ RunTime:0.0008s ]
INFO: [ app_end ] --START--
INFO: Run Behavior\ShowPageTraceBehavior [ RunTime:0.001035s ]
INFO: [ app_end ] --END-- [ RunTime:0.001126s ]

[ 2016-12-18T23:16:21+08:00 ] 127.0.0.1 /studyPHP/DimensionTour/index.php/home
INFO: [ app_init ] --START--
INFO: Run Behavior\BuildLiteBehavior [ RunTime:0.000015s ]
INFO: [ app_init ] --END-- [ RunTime:0.000482s ]
INFO: [ app_begin ] --START--
INFO: Run Behavior\ReadHtmlCacheBehavior [ RunTime:0.000546s ]
INFO: [ app_begin ] --END-- [ RunTime:0.000595s ]
INFO: [ view_parse ] --START--
INFO: [ template_filter ] --START--
INFO: Run Behavior\ContentReplaceBehavior [ RunTime:0.000036s ]
INFO: [ template_filter ] --END-- [ RunTime:0.000083s ]
INFO: Run Behavior\ParseTemplateBehavior [ RunTime:0.005014s ]
INFO: [ view_parse ] --END-- [ RunTime:0.005066s ]
INFO: [ view_filter ] --START--
INFO: Run Behavior\WriteHtmlCacheBehavior [ RunTime:0.000427s ]
INFO: Run Behavior\TokenBuildBehavior [ RunTime:0.000524s ]
INFO: [ view_filter ] --END-- [ RunTime:0.001015s ]
INFO: [ app_end ] --START--
INFO: Run Behavior\ShowPageTraceBehavior [ RunTime:0.000568s ]
INFO: [ app_end ] --END-- [ RunTime:0.000610s ]

[ 2016-12-18T23:16:22+08:00 ] 127.0.0.1 /studyPHP/DimensionTour/index.php/home/user-login
INFO: [ app_init ] --START--
INFO: Run Behavior\BuildLiteBehavior [ RunTime:0.000013s ]
INFO: [ app_init ] --END-- [ RunTime:0.000375s ]
INFO: [ app_begin ] --START--
INFO: Run Behavior\ReadHtmlCacheBehavior [ RunTime:0.000407s ]
INFO: [ app_begin ] --END-- [ RunTime:0.000448s ]
INFO: [ view_parse ] --START--
INFO: [ template_filter ] --START--
INFO: Run Behavior\ContentReplaceBehavior [ RunTime:0.000033s ]
INFO: [ template_filter ] --END-- [ RunTime:0.000079s ]
INFO: Run Behavior\ParseTemplateBehavior [ RunTime:0.004376s ]
INFO: [ view_parse ] --END-- [ RunTime:0.004441s ]
INFO: [ view_filter ] --START--
INFO: Run Behavior\WriteHtmlCacheBehavior [ RunTime:0.000544s ]
INFO: Run Behavior\TokenBuildBehavior [ RunTime:0.000460s ]
INFO: [ view_filter ] --END-- [ RunTime:0.001091s ]
INFO: [ app_end ] --START--
INFO: Run Behavior\ShowPageTraceBehavior [ RunTime:0.000441s ]
INFO: [ app_end ] --END-- [ RunTime:0.000473s ]

[ 2016-12-18T23:16:28+08:00 ] 127.0.0.1 /studyPHP/DimensionTour/index.php/home/user-logSubmit
INFO: [ app_init ] --START--
INFO: Run Behavior\BuildLiteBehavior [ RunTime:0.000008s ]
INFO: [ app_init ] --END-- [ RunTime:0.000337s ]
INFO: [ app_begin ] --START--
INFO: Run Behavior\ReadHtmlCacheBehavior [ RunTime:0.000418s ]
INFO: [ app_begin ] --END-- [ RunTime:0.000456s ]
SQL: SHOW COLUMNS FROM `dt_user` [ RunTime:0.0069s ]
SQL: SELECT * FROM `dt_user` WHERE ( username='admin1' and password='122a4ae277974d5a202a68e3be2f8776'  )  [ RunTime:0.0007s ]
INFO: [ app_end ] --START--
INFO: Run Behavior\ShowPageTraceBehavior [ RunTime:0.001295s ]
INFO: [ app_end ] --END-- [ RunTime:0.001378s ]

